09.22:12.58.54  INFO	ru.sfedu.Test.TestClient:71 - Launching the application...
09.22:12.58.54  INFO	ru.sfedu.Test.TestClient:71 - Operating System: Windows 10 10.0
09.22:12.58.54  INFO	ru.sfedu.Test.TestClient:71 - JRE: 15.0.1
09.22:12.58.54  INFO	ru.sfedu.Test.TestClient:71 - Java Launched From: C:\Program Files\Java\jdk-15.0.1
09.22:12.58.54  INFO	ru.sfedu.Test.TestClient:71 - Class Path: C:\Users\RUzai\IdeaProjects\Test\target\classes;C:\Users\RUzai\.m2\repository\org\apache\logging\log4j\log4j-slf4j-impl\2.9.0\log4j-slf4j-impl-2.9.0.jar;C:\Users\RUzai\.m2\repository\org\slf4j\slf4j-api\1.7.25\slf4j-api-1.7.25.jar;C:\Users\RUzai\.m2\repository\org\apache\logging\log4j\log4j-api\2.9.0\log4j-api-2.9.0.jar;C:\Users\RUzai\.m2\repository\org\apache\logging\log4j\log4j-core\2.9.0\log4j-core-2.9.0.jar
09.22:12.58.54  INFO	ru.sfedu.Test.TestClient:71 - Library Path: C:\Program Files\Java\jdk-15.0.1\bin;C:\Windows\Sun\Java\bin;C:\Windows\system32;C:\Windows;C:\Program Files\Common Files\Oracle\Java\javapath;C:\Windows\system32;C:\Windows;C:\Windows\System32\Wbem;C:\Windows\System32\WindowsPowerShell\v1.0\;C:\Windows\System32\OpenSSH\;C:\Program Files\Git\cmd;C:\Program Files\MySQL\MySQL Shell 8.0\bin\;C:\Users\RUzai\AppData\Local\Microsoft\WindowsApps;;.
09.22:12.58.54  INFO	ru.sfedu.Test.TestClient:71 - User Home Directory: C:\Users\RUzai
09.22:12.58.54  INFO	ru.sfedu.Test.TestClient:71 - User Working Directory: C:\Users\RUzai\IdeaProjects\Test
09.22:12.58.54  INFO	ru.sfedu.Test.TestClient:71 - Test INFO logging.
09.22 13.02.43  INFO	ru.sfedu.Test.TestClient:71 - Launching the application...
09.22 13.02.43  INFO	ru.sfedu.Test.TestClient:71 - Operating System: Windows 10 10.0
09.22 13.02.43  INFO	ru.sfedu.Test.TestClient:71 - JRE: 15.0.1
09.22 13.02.43  INFO	ru.sfedu.Test.TestClient:71 - Java Launched From: C:\Program Files\Java\jdk-15.0.1
09.22 13.02.43  INFO	ru.sfedu.Test.TestClient:71 - Class Path: C:\Users\RUzai\IdeaProjects\Test\target\classes;C:\Users\RUzai\.m2\repository\org\apache\logging\log4j\log4j-slf4j-impl\2.9.0\log4j-slf4j-impl-2.9.0.jar;C:\Users\RUzai\.m2\repository\org\slf4j\slf4j-api\1.7.25\slf4j-api-1.7.25.jar;C:\Users\RUzai\.m2\repository\org\apache\logging\log4j\log4j-api\2.9.0\log4j-api-2.9.0.jar;C:\Users\RUzai\.m2\repository\org\apache\logging\log4j\log4j-core\2.9.0\log4j-core-2.9.0.jar
09.22 13.02.43  INFO	ru.sfedu.Test.TestClient:71 - Library Path: C:\Program Files\Java\jdk-15.0.1\bin;C:\Windows\Sun\Java\bin;C:\Windows\system32;C:\Windows;C:\Program Files\Common Files\Oracle\Java\javapath;C:\Windows\system32;C:\Windows;C:\Windows\System32\Wbem;C:\Windows\System32\WindowsPowerShell\v1.0\;C:\Windows\System32\OpenSSH\;C:\Program Files\Git\cmd;C:\Program Files\MySQL\MySQL Shell 8.0\bin\;C:\Users\RUzai\AppData\Local\Microsoft\WindowsApps;;.
09.22 13.02.43  INFO	ru.sfedu.Test.TestClient:71 - User Home Directory: C:\Users\RUzai
09.22 13.02.43  INFO	ru.sfedu.Test.TestClient:71 - User Working Directory: C:\Users\RUzai\IdeaProjects\Test
09.22 13.02.43  INFO	ru.sfedu.Test.TestClient:71 - Test INFO logging.
09.22 13.05.57  INFO	ru.sfedu.Test.TestClient:18 - Launching the application...
09.22 13.05.57  INFO	ru.sfedu.Test.TestClient:19 - Operating System: Windows 10 10.0
09.22 13.05.57  INFO	ru.sfedu.Test.TestClient:23 - JRE: 15.0.1
09.22 13.05.57  INFO	ru.sfedu.Test.TestClient:24 - Java Launched From: C:\Program Files\Java\jdk-15.0.1
09.22 13.05.57  INFO	ru.sfedu.Test.TestClient:25 - Class Path: C:\Users\RUzai\IdeaProjects\Test\target\classes;C:\Users\RUzai\.m2\repository\org\apache\logging\log4j\log4j-api\2.13.0\log4j-api-2.13.0.jar;C:\Users\RUzai\.m2\repository\org\apache\logging\log4j\log4j-core\2.13.0\log4j-core-2.13.0.jar
09.22 13.05.57  INFO	ru.sfedu.Test.TestClient:26 - Library Path: C:\Program Files\Java\jdk-15.0.1\bin;C:\Windows\Sun\Java\bin;C:\Windows\system32;C:\Windows;C:\Program Files\Common Files\Oracle\Java\javapath;C:\Windows\system32;C:\Windows;C:\Windows\System32\Wbem;C:\Windows\System32\WindowsPowerShell\v1.0\;C:\Windows\System32\OpenSSH\;C:\Program Files\Git\cmd;C:\Program Files\MySQL\MySQL Shell 8.0\bin\;C:\Users\RUzai\AppData\Local\Microsoft\WindowsApps;;.
09.22 13.05.57  INFO	ru.sfedu.Test.TestClient:27 - User Home Directory: C:\Users\RUzai
09.22 13.05.57  INFO	ru.sfedu.Test.TestClient:28 - User Working Directory: C:\Users\RUzai\IdeaProjects\Test
09.22 13.05.57  INFO	ru.sfedu.Test.TestClient:29 - Test INFO logging.
09.22 20.14.52  INFO	ru.sfedu.Test.TestClient:22 - Launching the application...
09.22 20.14.52  INFO	ru.sfedu.Test.TestClient:23 - Operating System: Windows 10 10.0
09.22 20.14.52  INFO	ru.sfedu.Test.TestClient:27 - JRE: 15.0.1
09.22 20.14.52  INFO	ru.sfedu.Test.TestClient:28 - Java Launched From: C:\Program Files\Java\jdk-15.0.1
09.22 20.14.52  INFO	ru.sfedu.Test.TestClient:29 - Class Path: C:\Users\RUzai\IdeaProjects\Test\target\classes;C:\Users\RUzai\.m2\repository\org\apache\logging\log4j\log4j-api\2.13.0\log4j-api-2.13.0.jar;C:\Users\RUzai\.m2\repository\org\apache\logging\log4j\log4j-core\2.13.0\log4j-core-2.13.0.jar
09.22 20.14.52  INFO	ru.sfedu.Test.TestClient:30 - Library Path: C:\Program Files\Java\jdk-15.0.1\bin;C:\Windows\Sun\Java\bin;C:\Windows\system32;C:\Windows;C:\Program Files\Common Files\Oracle\Java\javapath;C:\Windows\system32;C:\Windows;C:\Windows\System32\Wbem;C:\Windows\System32\WindowsPowerShell\v1.0\;C:\Windows\System32\OpenSSH\;C:\Program Files\Git\cmd;C:\Program Files\MySQL\MySQL Shell 8.0\bin\;C:\Users\RUzai\AppData\Local\Microsoft\WindowsApps;;.
