10.14 21.23.07  INFO	ru.sfedu.Test.TestClient:33 - User Home Directory: C:\Users\xdyac
10.14 21.23.07  INFO	ru.sfedu.Test.TestClient:34 - User Working Directory: C:\Users\xdyac\OneDrive\Рабочий стол\Test
10.14 21.23.07  INFO	ru.sfedu.Test.TestClient:35 - Test INFO logging.
10.14 21.23.07  INFO	ru.sfedu.Test.TestClient:15 - Test
10.14 21.23.07  INFO	ru.sfedu.Test.TestClient:16 - kekek
10.14 21.23.07 ERROR	ru.sfedu.Test.TestClient:18 - Heyyy
10.14 21.24.06  INFO	ru.sfedu.Test.TestClient:26 - Launching the application...
10.14 21.24.06  INFO	ru.sfedu.Test.TestClient:27 - Operating System: Windows 10 10.0
10.14 21.24.06  INFO	ru.sfedu.Test.TestClient:29 - JRE: 16.0.1
10.14 21.24.06  INFO	ru.sfedu.Test.TestClient:30 - Java Launched From: C:\Program Files\Java\jdk-16.0.1
10.14 21.24.06  INFO	ru.sfedu.Test.TestClient:31 - Class Path: Target/Test-1.0-jar-with-dependencies.jar
10.14 21.24.06  INFO	ru.sfedu.Test.TestClient:32 - Library Path: C:\Program Files\Java\jdk-16.0.1\bin;C:\Windows\Sun\Java\bin;C:\Windows\system32;C:\Windows;C:\Program Files\Common Files\Oracle\Java\javapath;C:\Windows\system32;C:\Windows;C:\Windows\System32\Wbem;C:\Windows\System32\WindowsPowerShell\v1.0\;C:\Windows\System32\OpenSSH\;C:\Program Files\Git\cmd;c:\Program Files (x86)\Microsoft SQL Server\110\Tools\Binn\;c:\Program Files (x86)\Microsoft SQL Server\110\DTS\Binn\;C:\Program Files\nodejs\;C:\Program Files\Maven\bin;C:\Users\xdyac\AppData\Local\Microsoft\WindowsApps;C:\Users\xdyac\AppData\Local\Programs\Microsoft VS Code\bin;C:\Users\xdyac\AppData\Roaming\npm;.
10.14 21.24.06  INFO	ru.sfedu.Test.TestClient:33 - User Home Directory: C:\Users\xdyac
10.14 21.24.06  INFO	ru.sfedu.Test.TestClient:34 - User Working Directory: C:\Users\xdyac\OneDrive\Рабочий стол\Test
10.14 21.24.06  INFO	ru.sfedu.Test.TestClient:35 - Test INFO logging.
10.14 21.24.06  INFO	ru.sfedu.Test.TestClient:15 - Testtug
10.14 21.24.06  INFO	ru.sfedu.Test.TestClient:16 - kekek
10.14 21.24.06 ERROR	ru.sfedu.Test.TestClient:18 - Heyyy
10.14 22.13.15  INFO	ru.sfedu.Test.TestClient:26 - Launching the application...
10.14 22.13.15  INFO	ru.sfedu.Test.TestClient:27 - Operating System: Windows 10 10.0
10.14 22.13.15  INFO	ru.sfedu.Test.TestClient:29 - JRE: 16.0.1
10.14 22.13.15  INFO	ru.sfedu.Test.TestClient:30 - Java Launched From: C:\Program Files\Java\jdk-16.0.1
10.14 22.13.15  INFO	ru.sfedu.Test.TestClient:31 - Class Path: Target/Test-1.0-jar-with-dependencies.jar
10.14 22.13.15  INFO	ru.sfedu.Test.TestClient:32 - Library Path: C:\Program Files\Java\jdk-16.0.1\bin;C:\Windows\Sun\Java\bin;C:\Windows\system32;C:\Windows;C:\Program Files\Common Files\Oracle\Java\javapath;C:\Windows\system32;C:\Windows;C:\Windows\System32\Wbem;C:\Windows\System32\WindowsPowerShell\v1.0\;C:\Windows\System32\OpenSSH\;C:\Program Files\Git\cmd;c:\Program Files (x86)\Microsoft SQL Server\110\Tools\Binn\;c:\Program Files (x86)\Microsoft SQL Server\110\DTS\Binn\;C:\Program Files\nodejs\;C:\Program Files\Maven\bin;C:\Users\xdyac\AppData\Local\Microsoft\WindowsApps;C:\Users\xdyac\AppData\Local\Programs\Microsoft VS Code\bin;C:\Users\xdyac\AppData\Roaming\npm;.
10.14 22.13.15  INFO	ru.sfedu.Test.TestClient:33 - User Home Directory: C:\Users\xdyac
10.14 22.13.15  INFO	ru.sfedu.Test.TestClient:34 - User Working Directory: C:\Users\xdyac\OneDrive\Рабочий стол\Test
10.14 22.13.15  INFO	ru.sfedu.Test.TestClient:35 - Test INFO logging.
10.14 22.13.15  INFO	ru.sfedu.Test.TestClient:15 - Test
10.14 22.13.15  INFO	ru.sfedu.Test.TestClient:16 - kekek
10.14 22.13.15 ERROR	ru.sfedu.Test.TestClient:18 - Heyyy
10.14 22.13.22  INFO	ru.sfedu.Test.TestClient:26 - Launching the application...
10.14 22.13.22  INFO	ru.sfedu.Test.TestClient:27 - Operating System: Windows 10 10.0
10.14 22.13.22  INFO	ru.sfedu.Test.TestClient:29 - JRE: 16.0.1
10.14 22.13.22  INFO	ru.sfedu.Test.TestClient:30 - Java Launched From: C:\Program Files\Java\jdk-16.0.1
10.14 22.13.22  INFO	ru.sfedu.Test.TestClient:31 - Class Path: Target/Test-1.0-jar-with-dependencies.jar
10.14 22.13.22  INFO	ru.sfedu.Test.TestClient:32 - Library Path: C:\Program Files\Java\jdk-16.0.1\bin;C:\Windows\Sun\Java\bin;C:\Windows\system32;C:\Windows;C:\Program Files\Common Files\Oracle\Java\javapath;C:\Windows\system32;C:\Windows;C:\Windows\System32\Wbem;C:\Windows\System32\WindowsPowerShell\v1.0\;C:\Windows\System32\OpenSSH\;C:\Program Files\Git\cmd;c:\Program Files (x86)\Microsoft SQL Server\110\Tools\Binn\;c:\Program Files (x86)\Microsoft SQL Server\110\DTS\Binn\;C:\Program Files\nodejs\;C:\Program Files\Maven\bin;C:\Users\xdyac\AppData\Local\Microsoft\WindowsApps;C:\Users\xdyac\AppData\Local\Programs\Microsoft VS Code\bin;C:\Users\xdyac\AppData\Roaming\npm;.
10.14 22.13.22  INFO	ru.sfedu.Test.TestClient:33 - User Home Directory: C:\Users\xdyac
10.14 22.13.22  INFO	ru.sfedu.Test.TestClient:34 - User Working Directory: C:\Users\xdyac\OneDrive\Рабочий стол\Test
10.14 22.13.22  INFO	ru.sfedu.Test.TestClient:35 - Test INFO logging.
10.14 22.13.22  INFO	ru.sfedu.Test.TestClient:15 - Test
10.14 22.13.22  INFO	ru.sfedu.Test.TestClient:16 - ru.sfedu.Test
